# JRE version: OpenJDK Runtime Environment (8.0_121-b13) (build 1.8.0_121-8u121-b13-0ubuntu1.16.04.2-b13)
# Java VM: OpenJDK 64-Bit Server VM (25.121-b13 mixed mode linux-amd64 compressed oops)
Heap:
 par new generation   total 4288K, used 0K [0x00000000f0000000, 0x00000000f04a0000, 0x00000000f5330000)
  eden space 3840K,   0% used [0x00000000f0000000, 0x00000000f0000000, 0x00000000f03c0000)
  from space 448K,   0% used [0x00000000f03c0000, 0x00000000f03c0000, 0x00000000f0430000)
  to   space 448K,   0% used [0x00000000f0430000, 0x00000000f0430000, 0x00000000f04a0000)
 concurrent mark-sweep generation total 157004K, used 116454K [0x00000000f5330000, 0x00000000fec83000, 0x0000000100000000)
 Metaspace       used 88520K, capacity 89618K, committed 89984K, reserved 1128448K
  class space    used 11044K, capacity 11290K, committed 11392K, reserved 1048576K
GC Heap History (10 events):
Event: 55685.372 GC heap after
Heap after GC invocations=1175 (full 17):
 par new generation   total 4288K, used 7K [0x00000000f0000000, 0x00000000f04a0000, 0x00000000f5330000)
  eden space 3840K,   0% used [0x00000000f0000000, 0x00000000f0000000, 0x00000000f03c0000)
  from space 448K,   1% used [0x00000000f0430000, 0x00000000f0431cc0, 0x00000000f04a0000)
  to   space 448K,   0% used [0x00000000f03c0000, 0x00000000f03c0000, 0x00000000f0430000)
 concurrent mark-sweep generation total 157004K, used 116265K [0x00000000f5330000, 0x00000000fec83000, 0x0000000100000000)
 Metaspace       used 88132K, capacity 89224K, committed 89600K, reserved 1128448K
  class space    used 11001K, capacity 11224K, committed 11264K, reserved 1048576K
}
Event: 56895.528 GC heap before
{Heap before GC invocations=1175 (full 17):
 par new generation   total 4288K, used 3847K [0x00000000f0000000, 0x00000000f04a0000, 0x00000000f5330000)
  eden space 3840K, 100% used [0x00000000f0000000, 0x00000000f03c0000, 0x00000000f03c0000)
  from space 448K,   1% used [0x00000000f0430000, 0x00000000f0431cc0, 0x00000000f04a0000)
  to   space 448K,   0% used [0x00000000f03c0000, 0x00000000f03c0000, 0x00000000f0430000)
 concurrent mark-sweep generation total 157004K, used 116265K [0x00000000f5330000, 0x00000000fec83000, 0x0000000100000000)
 Metaspace       used 88132K, capacity 89224K, committed 89600K, reserved 1128448K
  class space    used 11001K, capacity 11224K, committed 11264K, reserved 1048576K
Event: 56895.544 GC heap after
Heap after GC invocations=1176 (full 17):
 par new generation   total 4288K, used 4K [0x00000000f0000000, 0x00000000f04a0000, 0x00000000f5330000)
  eden space 3840K,   0% used [0x00000000f0000000, 0x00000000f0000000, 0x00000000f03c0000)
  from space 448K,   1% used [0x00000000f03c0000, 0x00000000f03c12f0, 0x00000000f0430000)
  to   space 448K,   0% used [0x00000000f0430000, 0x00000000f0430000, 0x00000000f04a0000)
 concurrent mark-sweep generation total 157004K, used 116265K [0x00000000f5330000, 0x00000000fec83000, 0x0000000100000000)
 Metaspace       used 88132K, capacity 89224K, committed 89600K, reserved 1128448K
  class space    used 11001K, capacity 11224K, committed 11264K, reserved 1048576K
}
Event: 58095.719 GC heap before
{Heap before GC invocations=1176 (full 17):
 par new generation   total 4288K, used 3844K [0x00000000f0000000, 0x00000000f04a0000, 0x00000000f5330000)
  eden space 3840K, 100% used [0x00000000f0000000, 0x00000000f03c0000, 0x00000000f03c0000)
  from space 448K,   1% used [0x00000000f03c0000, 0x00000000f03c12f0, 0x00000000f0430000)
  to   space 448K,   0% used [0x00000000f0430000, 0x00000000f0430000, 0x00000000f04a0000)
 concurrent mark-sweep generation total 157004K, used 116265K [0x00000000f5330000, 0x00000000fec83000, 0x0000000100000000)
 Metaspace       used 88132K, capacity 89224K, committed 89600K, reserved 1128448K
  class space    used 11001K, capacity 11224K, committed 11264K, reserved 1048576K
Event: 58095.738 GC heap after
Heap after GC invocations=1177 (full 17):
 par new generation   total 4288K, used 6K [0x00000000f0000000, 0x00000000f04a0000, 0x00000000f5330000)
  eden space 3840K,   0% used [0x00000000f0000000, 0x00000000f0000000, 0x00000000f03c0000)
  from space 448K,   1% used [0x00000000f0430000, 0x00000000f0431a50, 0x00000000f04a0000)
  to   space 448K,   0% used [0x00000000f03c0000, 0x00000000f03c0000, 0x00000000f0430000)
 concurrent mark-sweep generation total 157004K, used 116265K [0x00000000f5330000, 0x00000000fec83000, 0x0000000100000000)
 Metaspace       used 88132K, capacity 89224K, committed 89600K, reserved 1128448K
  class space    used 11001K, capacity 11224K, committed 11264K, reserved 1048576K
}
Event: 59305.905 GC heap before
{Heap before GC invocations=1177 (full 17):
 par new generation   total 4288K, used 3846K [0x00000000f0000000, 0x00000000f04a0000, 0x00000000f5330000)
  eden space 3840K, 100% used [0x00000000f0000000, 0x00000000f03c0000, 0x00000000f03c0000)
  from space 448K,   1% used [0x00000000f0430000, 0x00000000f0431a50, 0x00000000f04a0000)
  to   space 448K,   0% used [0x00000000f03c0000, 0x00000000f03c0000, 0x00000000f0430000)
 concurrent mark-sweep generation total 157004K, used 116265K [0x00000000f5330000, 0x00000000fec83000, 0x0000000100000000)
 Metaspace       used 88132K, capacity 89224K, committed 89600K, reserved 1128448K
  class space    used 11001K, capacity 11224K, committed 11264K, reserved 1048576K
Event: 59305.922 GC heap after
Heap after GC invocations=1178 (full 17):
 par new generation   total 4288K, used 6K [0x00000000f0000000, 0x00000000f04a0000, 0x00000000f5330000)
  eden space 3840K,   0% used [0x00000000f0000000, 0x00000000f0000000, 0x00000000f03c0000)
  from space 448K,   1% used [0x00000000f03c0000, 0x00000000f03c1ab8, 0x00000000f0430000)
  to   space 448K,   0% used [0x00000000f0430000, 0x00000000f0430000, 0x00000000f04a0000)
 concurrent mark-sweep generation total 157004K, used 116265K [0x00000000f5330000, 0x00000000fec83000, 0x0000000100000000)
 Metaspace       used 88132K, capacity 89224K, committed 89600K, reserved 1128448K
  class space    used 11001K, capacity 11224K, committed 11264K, reserved 1048576K
}
Event: 59775.993 GC heap before
{Heap before GC invocations=1178 (full 17):
 par new generation   total 4288K, used 3846K [0x00000000f0000000, 0x00000000f04a0000, 0x00000000f5330000)
  eden space 3840K, 100% used [0x00000000f0000000, 0x00000000f03c0000, 0x00000000f03c0000)
  from space 448K,   1% used [0x00000000f03c0000, 0x00000000f03c1ab8, 0x00000000f0430000)
  to   space 448K,   0% used [0x00000000f0430000, 0x00000000f0430000, 0x00000000f04a0000)
 concurrent mark-sweep generation total 157004K, used 116265K [0x00000000f5330000, 0x00000000fec83000, 0x0000000100000000)
 Metaspace       used 88509K, capacity 89618K, committed 89984K, reserved 1128448K
  class space    used 11044K, capacity 11290K, committed 11392K, reserved 1048576K
Event: 59776.010 GC heap after
Heap after GC invocations=1179 (full 17):
 par new generation   total 4288K, used 447K [0x00000000f0000000, 0x00000000f04a0000, 0x00000000f5330000)
  eden space 3840K,   0% used [0x00000000f0000000, 0x00000000f0000000, 0x00000000f03c0000)
  from space 448K,  99% used [0x00000000f0430000, 0x00000000f049fff8, 0x00000000f04a0000)
  to   space 448K,   0% used [0x00000000f03c0000, 0x00000000f03c0000, 0x00000000f0430000)
 concurrent mark-sweep generation total 157004K, used 116288K [0x00000000f5330000, 0x00000000fec83000, 0x0000000100000000)
 Metaspace       used 88509K, capacity 89618K, committed 89984K, reserved 1128448K
  class space    used 11044K, capacity 11290K, committed 11392K, reserved 1048576K
}
Event: 60974.447 GC heap before
{Heap before GC invocations=1179 (full 17):
 par new generation   total 4288K, used 4287K [0x00000000f0000000, 0x00000000f04a0000, 0x00000000f5330000)
  eden space 3840K, 100% used [0x00000000f0000000, 0x00000000f03c0000, 0x00000000f03c0000)
  from space 448K,  99% used [0x00000000f0430000, 0x00000000f049fff8, 0x00000000f04a0000)
  to   space 448K,   0% used [0x00000000f03c0000, 0x00000000f03c0000, 0x00000000f0430000)
 concurrent mark-sweep generation total 157004K, used 116288K [0x00000000f5330000, 0x00000000fec83000, 0x0000000100000000)
 Metaspace       used 88520K, capacity 89618K, committed 89984K, reserved 1128448K
  class space    used 11044K, capacity 11290K, committed 11392K, reserved 1048576K

